<?xml version="1.0" encoding="UTF-8"?>
<!-- Generated by org.testng.reporters.JUnitXMLReporter -->
<testsuite ignored="0" hostname="192.168.1.107" failures="1" tests="1" name="Test" time="15.012" errors="0" timestamp="2022-03-09T11:54:06 IST">
  <testcase classname="com.xyzbanking.testCase.TC_LoginTest_001" name="loginTest" time="3.317">
    <failure type="java.lang.AssertionError">
      <![CDATA[java.lang.AssertionError: 
at com.xyzbanking.testCase.TC_LoginTest_001.loginTest(TC_LoginTest_001.java:33)
at java.base/java.util.ArrayList.forEach(ArrayList.java:1511)
... Removed 30 stack frames]]>
    </failure>
  </testcase> <!-- loginTest -->
</testsuite> <!-- Test -->
